

Processing FriendtestController#index (for 127.0.0.1 at 2008-09-10 02:05:40) [POST]
  Session ID: e659a87da4830a8f4f2d0afd2b001a4c
  Parameters: {"xn_sig_expires"=>"0", "xn_sig_session_key"=>"FZNxN0wc1NDyzIaGwIA1r8Z+e3jKQB0WOhKLgeiLallX4fCPI+gVhclp5nTcoGVA-229615263", "xn_sig_user"=>"229615263", "xn_sig_method"=>"get", "xn_sig_time"=>"1220983543560", "action"=>"index", "controller"=>"friendtest", "xn_sig_api_key"=>"8528a4a80ceb4febb3df66cb4d8f1f14", "xn_sig_in_iframe"=>"0", "xn_sig_added"=>"1"}
  [4;36;1mSQL (0.000000)[0m   [0;1mSET SQL_AUTO_IS_NULL=0[0m
  [4;35;1mUser Columns (0.015000)[0m   [0mSHOW FIELDS FROM `users`[0m
  [4;36;1mUser Load (0.000000)[0m   [0;1mSELECT * FROM `users` WHERE (`users`.`xid` = 229615263) LIMIT 1[0m
Rendering template within layouts/application
Rendering friendtest/index
Completed in 0.04700 (21 reqs/sec) | Rendering: 0.01600 (34%) | DB: 0.01500 (31%) | 200 OK [http://61.172.255.117/friendtest/index]


Processing FriendtestController#index (for 127.0.0.1 at 2008-09-10 02:05:43) [POST]
  Session ID: 642f6c0c6d003a0e706b49b732bfbade
  Parameters: {"xn_sig_expires"=>"0", "xn_sig_session_key"=>"FZNxN0wc1NDyzIaGwIA1r8Z+e3jKQB0WOhKLgeiLallX4fCPI+gVhclp5nTcoGVA-229615263", "xn_sig_user"=>"229615263", "xn_sig_method"=>"get", "xn_sig_time"=>"1220983547050", "action"=>"index", "controller"=>"friendtest", "xn_sig_api_key"=>"8528a4a80ceb4febb3df66cb4d8f1f14", "xn_sig_in_iframe"=>"0", "xn_sig_added"=>"1"}
  [4;35;1mUser Columns (0.000000)[0m   [0mSHOW FIELDS FROM `users`[0m
  [4;36;1mUser Load (0.000000)[0m   [0;1mSELECT * FROM `users` WHERE (`users`.`xid` = 229615263) LIMIT 1[0m
Rendering template within layouts/application
Rendering friendtest/index
Completed in 0.01600 (62 reqs/sec) | Rendering: 0.00000 (0%) | DB: 0.00000 (0%) | 200 OK [http://61.172.255.117/friendtest/index]


Processing HomeController#index (for 127.0.0.1 at 2008-09-10 02:07:48) [POST]
  Session ID: 90ff29e11d1695d691ea1ab1d973b54c
  Parameters: {"xn_sig_expires"=>"0", "xn_sig_session_key"=>"FZNxN0wc1NDyzIaGwIA1r8Z+e3jKQB0WOhKLgeiLallX4fCPI+gVhclp5nTcoGVA-229615263", "xn_sig_user"=>"229615263", "xn_sig_method"=>"get", "xn_sig_time"=>"1220983672236", "action"=>"index", "controller"=>"home", "xn_sig_api_key"=>"8528a4a80ceb4febb3df66cb4d8f1f14", "xn_sig_in_iframe"=>"0", "xn_sig_added"=>"1"}
  [4;35;1mUser Columns (0.000000)[0m   [0mSHOW FIELDS FROM `users`[0m
  [4;36;1mUser Load (0.000000)[0m   [0;1mSELECT * FROM `users` WHERE (`users`.`xid` = 229615263) LIMIT 1[0m
Rendering template within layouts/application
Rendering home/index
Completed in 0.18700 (5 reqs/sec) | Rendering: 0.17200 (91%) | DB: 0.00000 (0%) | 200 OK [http://61.172.255.117/home/index]


Processing HomeController#me (for 127.0.0.1 at 2008-09-10 02:07:51) [POST]
  Session ID: 238cce15d3740d13a4a943e548b4e80b
  Parameters: {"xn_sig_expires"=>"0", "xn_sig_session_key"=>"FZNxN0wc1NDyzIaGwIA1r8Z+e3jKQB0WOhKLgeiLallX4fCPI+gVhclp5nTcoGVA-229615263", "xn_sig_user"=>"229615263", "xn_sig_method"=>"get", "xn_sig_time"=>"1220983674407", "action"=>"me", "controller"=>"home", "xn_sig_api_key"=>"8528a4a80ceb4febb3df66cb4d8f1f14", "xn_sig_in_iframe"=>"0", "xn_sig_added"=>"1"}
  [4;35;1mUser Columns (0.000000)[0m   [0mSHOW FIELDS FROM `users`[0m
  [4;36;1mUser Load (0.016000)[0m   [0;1mSELECT * FROM `users` WHERE (`users`.`xid` = 229615263) LIMIT 1[0m
Rendering template within layouts/application
Rendering home/friends
  [4;35;1mMessage Columns (0.000000)[0m   [0mSHOW FIELDS FROM `messages`[0m
  [4;36;1mSQL (0.000000)[0m   [0;1mSELECT count(*) AS count_all FROM `messages` WHERE (`messages`.user_id = 3) [0m
  [4;35;1mMessage Load (0.000000)[0m   [0mSELECT * FROM `messages` WHERE (`messages`.user_id = 3) [0m
Rendered home/_message (0.00000)
Rendered home/_message (0.00000)
Rendered home/_message (0.00000)
Rendered home/_message (0.00000)
Rendered home/_message (0.00000)
Rendered home/_message (0.00000)
Rendered home/_message (0.00000)
Rendered home/_message (0.00000)
Completed in 0.06200 (16 reqs/sec) | Rendering: 0.04600 (74%) | DB: 0.01600 (25%) | 200 OK [http://61.172.255.117/home/me]


Processing HomeController#selectfriends (for 127.0.0.1 at 2008-09-10 02:07:52) [POST]
  Session ID: 2bc454fce26262f919d4746613e74e84
  Parameters: {"xn_sig_expires"=>"0", "xn_sig_session_key"=>"FZNxN0wc1NDyzIaGwIA1r8Z+e3jKQB0WOhKLgeiLallX4fCPI+gVhclp5nTcoGVA-229615263", "xn_sig_user"=>"229615263", "xn_sig_method"=>"get", "xn_sig_time"=>"1220983676006", "action"=>"selectfriends", "controller"=>"home", "xn_sig_api_key"=>"8528a4a80ceb4febb3df66cb4d8f1f14", "xn_sig_in_iframe"=>"0", "xn_sig_added"=>"1"}
  [4;36;1mUser Columns (0.000000)[0m   [0;1mSHOW FIELDS FROM `users`[0m
  [4;35;1mUser Load (0.000000)[0m   [0mSELECT * FROM `users` WHERE (`users`.`xid` = 229615263) LIMIT 1[0m
Rendering template within layouts/application
Rendering home/selectfriends
Completed in 0.03100 (32 reqs/sec) | Rendering: 0.00000 (0%) | DB: 0.00000 (0%) | 200 OK [http://61.172.255.117/home/selectfriends]


Processing HomeController#me (for 127.0.0.1 at 2008-09-10 02:08:05) [POST]
  Session ID: ed2b3de3a0fe67627fb0d1af26890fdf
  Parameters: {"xn_sig_expires"=>"0", "xn_sig_session_key"=>"FZNxN0wc1NDyzIaGwIA1r8Z+e3jKQB0WOhKLgeiLallX4fCPI+gVhclp5nTcoGVA-229615263", "xn_sig_method"=>"post", "xn_sig_user"=>"229615263", "ids"=>["220743094", "232219966", "225569961", "224589194", "230940749", "222079913", "225124046", "249098996", "242977226"], "xn_sig_time"=>"1220983676222", "action"=>"me", "controller"=>"home", "xn_sig_in_iframe"=>"0", "xn_sig_api_key"=>"8528a4a80ceb4febb3df66cb4d8f1f14", "xn_sig_added"=>"1"}
  [4;36;1mUser Columns (0.000000)[0m   [0;1mSHOW FIELDS FROM `users`[0m
  [4;35;1mUser Load (0.000000)[0m   [0mSELECT * FROM `users` WHERE (`users`.`xid` = 229615263) LIMIT 1[0m
  [4;36;1mUser Load (0.031000)[0m   [0;1mSELECT * FROM `users` WHERE ( xid in ('220743094','232219966','225569961','224589194','230940749','222079913','225124046','249098996','242977226') and age >0 ) ORDER BY updated_at desc [0m
Rendering template within layouts/application
Rendering home/friends
  [4;35;1mMessage Columns (0.016000)[0m   [0mSHOW FIELDS FROM `messages`[0m
  [4;36;1mSQL (0.000000)[0m   [0;1mSELECT count(*) AS count_all FROM `messages` WHERE (`messages`.user_id = 2) [0m
  [4;35;1mMessage Load (0.000000)[0m   [0mSELECT * FROM `messages` WHERE (`messages`.user_id = 2) [0m
Rendered home/_message (0.00000)
Rendered home/_message (0.00000)
Rendered home/_message (0.00000)
Rendered home/_message (0.00000)
Rendered home/_message (0.00000)
Rendered home/_message (0.00000)
Rendered home/_message (0.00000)
Rendered home/_message (0.00000)
Rendered home/_message (0.00000)
Rendered home/_message (0.00000)
Rendered home/_message (0.00000)
Rendered home/_message (0.00000)
Rendered home/_message (0.00000)
Rendered home/_message (0.00000)
Rendered home/_message (0.00000)
Rendered home/_message (0.00000)
Rendered home/_message (0.00000)
Completed in 0.07800 (12 reqs/sec) | Rendering: 0.01600 (20%) | DB: 0.04700 (60%) | 200 OK [http://61.172.255.117/home/me]


Processing HomeController#selectfriends (for 127.0.0.1 at 2008-09-10 02:08:17) [POST]
  Session ID: dc4e49be0e83881edeab424bfde74484
  Parameters: {"xn_sig_expires"=>"0", "xn_sig_session_key"=>"FZNxN0wc1NDyzIaGwIA1r8Z+e3jKQB0WOhKLgeiLallX4fCPI+gVhclp5nTcoGVA-229615263", "xn_sig_user"=>"229615263", "xn_sig_method"=>"get", "xn_sig_time"=>"1220983701044", "action"=>"selectfriends", "controller"=>"home", "xn_sig_api_key"=>"8528a4a80ceb4febb3df66cb4d8f1f14", "xn_sig_in_iframe"=>"0", "xn_sig_added"=>"1"}
  [4;36;1mUser Columns (0.000000)[0m   [0;1mSHOW FIELDS FROM `users`[0m
  [4;35;1mUser Load (0.016000)[0m   [0mSELECT * FROM `users` WHERE (`users`.`xid` = 229615263) LIMIT 1[0m
Rendering template within layouts/application
Rendering home/selectfriends
Completed in 0.01600 (62 reqs/sec) | Rendering: 0.00000 (0%) | DB: 0.01600 (100%) | 200 OK [http://61.172.255.117/home/selectfriends]


Processing HomeController#me (for 127.0.0.1 at 2008-09-10 02:08:39) [POST]
  Session ID: 40fa9bb611555bb14ca227066bda934e
  Parameters: {"xn_sig_expires"=>"0", "xn_sig_session_key"=>"FZNxN0wc1NDyzIaGwIA1r8Z+e3jKQB0WOhKLgeiLallX4fCPI+gVhclp5nTcoGVA-229615263", "xn_sig_method"=>"post", "xn_sig_user"=>"229615263", "ids"=>["247685326", "232219966", "220743094", "225124046", "225569961", "249098996", "222079913", "230940749", "224589194", "220854379", "230662156", "155891945", "231011291", "235239490", "229832928", "222508370", "237810890", "221259066", "103606927", "227641864", "237800842", "72521584", "220848680", "248270947", "231479024", "237222650", "223504909", "234219871", "237802780", "237742838", "225511382", "221970361", "233439731", "249124585", "235225192", "231910163", "247294745", "220874772", "246600811", "220816297", "226030876", "244688485", "134989780", "251515910", "236022584", "236112487", "105553451", "225626548", "226051980", "234213023", "227926179", "1308987571", "227268726", "228990674", "222389223", "238740515", "137038767", "237073058", "225038917", "237829704", "230186905", "69458670", "238103665", "240085079", "30578", "237136472", "249734216", "233591405", "225098398", "223084522", "236027191", "247870087", "234212113", "223093781", "249173217", "238203498", "222432686", "233276963", "65534567", "242550801", "228245035", "223670459", "221679334", "249594263", "221367986", "232526173", "232833650", "250814622", "242340389", "228910976", "232191162", "220752810", "250354861", "238244064", "242402067", "143430531", "239881989", "249967174", "220854534", "235936639", "176795362", "224599516", "238964693", "252600407", "73815528", "65364691", "201783591", "249748639", "71463944", "227443794", "227436245", "223021589", "248832746", "230523994", "233679529", "237453626", "233830259", "222810481", "230374892", "239481738", "220831153", "239307831", "241509676", "233128915", "247318866", "249385298", "224304982", "227244496"], "xn_sig_time"=>"1220983701241", "action"=>"me", "controller"=>"home", "xn_sig_in_iframe"=>"0", "xn_sig_api_key"=>"8528a4a80ceb4febb3df66cb4d8f1f14", "xn_sig_added"=>"1"}
  [4;36;1mUser Columns (0.000000)[0m   [0;1mSHOW FIELDS FROM `users`[0m
  [4;35;1mUser Load (0.000000)[0m   [0mSELECT * FROM `users` WHERE (`users`.`xid` = 229615263) LIMIT 1[0m
  [4;36;1mUser Load (0.000000)[0m   [0;1mSELECT * FROM `users` WHERE ( xid in ('247685326','232219966','220743094','225124046','225569961','249098996','222079913','230940749','224589194','220854379','230662156','155891945','231011291','235239490','229832928','222508370','237810890','221259066','103606927','227641864','237800842','72521584','220848680','248270947','231479024','237222650','223504909','234219871','237802780','237742838','225511382','221970361','233439731','249124585','235225192','231910163','247294745','220874772','246600811','220816297','226030876','244688485','134989780','251515910','236022584','236112487','105553451','225626548','226051980','234213023','227926179','1308987571','227268726','228990674','222389223','238740515','137038767','237073058','225038917','237829704','230186905','69458670','238103665','240085079','30578','237136472','249734216','233591405','225098398','223084522','236027191','247870087','234212113','223093781','249173217','238203498','222432686','233276963','65534567','242550801','228245035','223670459','221679334','249594263','221367986','232526173','232833650','250814622','242340389','228910976','232191162','220752810','250354861','238244064','242402067','143430531','239881989','249967174','220854534','235936639','176795362','224599516','238964693','252600407','73815528','65364691','201783591','249748639','71463944','227443794','227436245','223021589','248832746','230523994','233679529','237453626','233830259','222810481','230374892','239481738','220831153','239307831','241509676','233128915','247318866','249385298','224304982','227244496') and age >0 ) ORDER BY updated_at desc [0m
Rendering template within layouts/application
Rendering home/friends
Completed in 0.03100 (32 reqs/sec) | Rendering: 0.00000 (0%) | DB: 0.00000 (0%) | 200 OK [http://61.172.255.117/home/me]


Processing HomeController#index (for 127.0.0.1 at 2008-10-03 10:36:30) [POST]
  Session ID: c5bbf61ebbfee65218bc38b333507a26
  Parameters: {"xn_sig_expires"=>"0", "xn_sig_session_key"=>"vPbZUc9/rZ7/MRzDH+9vGSCJQtiCeTtreYZLulUPjHE06pWO19mWZpFK+fk7oZ0z-229615263", "xn_sig_user"=>"229615263", "xn_sig_method"=>"get", "xn_sig_time"=>"1223001397541", "action"=>"index", "controller"=>"home", "xn_sig_api_key"=>"8528a4a80ceb4febb3df66cb4d8f1f14", "xn_sig_in_iframe"=>"0", "xn_sig_added"=>"1"}
  [4;36;1mSQL (0.000000)[0m   [0;1mSET SQL_AUTO_IS_NULL=0[0m
  [4;35;1mUser Columns (0.063000)[0m   [0mSHOW FIELDS FROM `users`[0m
  [4;36;1mUser Load (0.000000)[0m   [0;1mSELECT * FROM `users` WHERE (`users`.`xid` = 229615263) LIMIT 1[0m
  [4;35;1mSQL (0.000000)[0m   [0mBEGIN[0m
  [4;36;1mUser Update (0.000000)[0m   [0;1mUPDATE `users` SET `session_key` = 'vPbZUc9/rZ7/MRzDH+9vGSCJQtiCeTtreYZLulUPjHE06pWO19mWZpFK+fk7oZ0z-229615263', `updated_at` = '2008-10-03 02:36:30' WHERE `id` = 3[0m
  [4;35;1mSQL (0.063000)[0m   [0mCOMMIT[0m
Rendering template within layouts/application
Rendering home/index
Completed in 0.23400 (4 reqs/sec) | Rendering: 0.07800 (33%) | DB: 0.12600 (53%) | 200 OK [http://61.172.255.117/home]
